<?xml version="1.0" encoding="UTF-8"?>
<!-- Generated by org.testng.reporters.JUnitXMLReporter -->
<testsuite ignored="0" hostname="DESKTOP-DM7HA6N" failures="1" tests="2" name="CST5354Test#1" time="0.094" errors="0" timestamp="2023-06-07T14:00:44 IST">
  <testcase classname="day7Jun23.TestNgDemo1" name="verifyTitle" time="0.016"/>
  <testcase classname="day7Jun23.TestNgDemo1" name="verifyUrl" time="0.005">
    <failure type="java.lang.AssertionError">
      <![CDATA[java.lang.AssertionError
at org.junit.Assert.fail(Assert.java:92)
at org.junit.Assert.fail(Assert.java:100)
at day7Jun23.TestNgDemo1.verifyUrl(TestNgDemo1.java:13)
at java.base/java.util.ArrayList.forEach(ArrayList.java:1511)
... Removed 27 stack frames]]>
    </failure>
  </testcase> <!-- verifyUrl -->
</testsuite> <!-- CST5354Test#1 -->
